Nov 19 17:55:11.660 ERRO Compilation of your program failed
Nov 19 17:55:25.224 ERRO Compilation of your program failed
Nov 19 17:59:06.462 ERRO Compilation of your program failed
Nov 19 17:59:28.278 ERRO Compilation of your program failed
Nov 19 18:05:10.206 ERRO Compilation of your program failed
Nov 19 18:05:28.355 ERRO Compilation of your program failed
Nov 19 18:23:14.680 ERRO Compilation of your program failed
Nov 20 10:04:52.873 ERRO Compilation of your program failed
Nov 20 10:18:33.321 ERRO Compilation of your program failed
Nov 20 10:18:48.083 ERRO Compilation of your program failed
Nov 20 10:19:32.765 ERRO Compilation of your program failed
Dec 21 13:52:14.208 ERRO Compiling your crate to WebAssembly
Dec 21 13:54:53.500 ERRO Compiling your crate to WebAssembly
Dec 21 13:55:23.842 ERRO Compiling your crate to WebAssembly
Dec 21 13:57:26.131 ERRO Compiling your crate to WebAssembly
Dec 21 13:58:31.245 ERRO Compiling your crate to WebAssembly
Dec 21 14:00:00.715 ERRO Compiling your crate to WebAssembly
Dec 21 14:02:14.974 ERRO Compiling your crate to WebAssembly
Dec 21 14:05:05.033 ERRO Compiling your crate to WebAssembly
Dec 21 18:09:32.574 ERRO Compiling your crate to WebAssembly
Dec 21 18:10:08.447 ERRO Compiling your crate to WebAssembly
Dec 21 18:10:23.915 ERRO Compilation of your program failed
Dec 21 18:34:25.113 ERRO Compiling your crate to WebAssembly
Dec 21 18:35:25.863 ERRO Compilation of your program failed
Dec 25 16:30:49.247 ERRO Compiling your crate to WebAssembly
Dec 25 16:32:16.066 ERRO Compiling your crate to WebAssembly
Dec 25 16:32:58.912 ERRO Compiling your crate to WebAssembly
Dec 25 16:33:43.836 ERRO Compiling your crate to WebAssembly
Dec 25 16:33:59.577 ERRO Compiling your crate to WebAssembly
Dec 25 16:40:10.824 ERRO Compiling your crate to WebAssembly
Dec 25 16:57:46.594 ERRO Compiling your crate to WebAssembly
Dec 25 17:00:18.717 ERRO Compiling your crate to WebAssembly
Dec 25 17:04:11.025 ERRO Compiling your crate to WebAssembly
Dec 25 17:10:51.175 ERRO Compiling your crate to WebAssembly
Dec 25 17:16:54.543 ERRO Compiling your crate to WebAssembly
Dec 25 17:17:36.254 ERRO Compiling your crate to WebAssembly
Jan 07 10:35:27.692 ERRO Compiling your crate to WebAssembly
Jan 07 10:37:46.138 ERRO Compiling your crate to WebAssembly
Jan 07 10:39:47.085 ERRO Compiling your crate to WebAssembly
Jan 07 10:44:15.605 ERRO Compiling your crate to WebAssembly
Jan 07 11:02:46.397 ERRO Compiling your crate to WebAssembly
Jan 07 11:14:16.332 ERRO Compiling your crate to WebAssembly
Jan 07 11:18:44.344 ERRO Compiling your crate to WebAssembly
Jan 07 11:19:06.502 ERRO Compilation of your program failed
Jan 07 11:25:16.699 ERRO Compilation of your program failed
Jan 07 11:25:31.242 ERRO Compilation of your program failed
Jan 07 11:26:08.022 ERRO Compilation of your program failed
Jan 07 11:26:34.329 ERRO Compilation of your program failed
Jan 07 11:27:07.296 ERRO Compilation of your program failed
Jan 07 11:27:30.780 ERRO Compilation of your program failed
Jan 07 11:39:30.850 ERRO Running the wasm-bindgen CLI
Jan 07 11:41:26.249 ERRO Compiling your crate to WebAssembly
Jan 07 11:41:58.555 ERRO Running the wasm-bindgen CLI
Jan 07 11:42:15.674 ERRO Compiling your crate to WebAssembly
Jan 07 13:15:24.705 ERRO Compiling your crate to WebAssembly
Jan 07 13:18:37.833 ERRO Running the wasm-bindgen CLI
Jan 07 13:18:51.273 ERRO Running the wasm-bindgen CLI
Jan 07 13:24:03.971 ERRO Running the wasm-bindgen CLI
Jan 07 13:24:19.797 ERRO Running the wasm-bindgen CLI
Jan 07 14:20:16.325 ERRO Compilation of your program failed
Jan 07 14:20:34.838 ERRO Compilation of your program failed
Jan 07 14:21:09.223 ERRO Compilation of your program failed
Jan 07 14:21:43.528 ERRO Compilation of your program failed
Jan 07 14:21:52.342 ERRO Compilation of your program failed
Jan 07 17:58:57.535 ERRO Compilation of your program failed
Jan 07 18:00:23.652 ERRO Compilation of your program failed
Jan 07 18:06:39.894 ERRO Compilation of your program failed
Jan 07 18:09:20.551 ERRO Compilation of your program failed
Jan 07 18:10:39.316 ERRO Compilation of your program failed
Jan 08 09:56:03.539 ERRO Compilation of your program failed
Jan 08 10:52:56.871 ERRO Compilation of your program failed
Jan 08 10:54:56.355 ERRO Compilation of your program failed
Jan 08 10:56:07.279 ERRO Compilation of your program failed
Jan 08 10:57:50.963 ERRO Compilation of your program failed
Jan 08 10:59:16.304 ERRO Compilation of your program failed
Jan 08 10:59:37.655 ERRO Compilation of your program failed
Jan 08 11:00:54.062 ERRO Compilation of your program failed
Jan 08 11:01:19.396 ERRO Compilation of your program failed
Jan 08 13:11:34.735 ERRO Compilation of your program failed
Jan 08 13:16:35.508 ERRO Compilation of your program failed
Jan 08 13:17:35.121 ERRO Compilation of your program failed
Jan 08 14:00:27.754 ERRO Compilation of your program failed
Jan 08 14:05:33.275 ERRO Compilation of your program failed
Jan 08 15:13:52.465 ERRO Compilation of your program failed
Jan 08 15:20:05.279 ERRO Compilation of your program failed
Jan 08 15:21:06.839 ERRO Compilation of your program failed
Jan 08 15:22:28.139 ERRO Compilation of your program failed
Jan 08 15:40:57.659 ERRO Compilation of your program failed
